npm warn Unknown project config "node-linker". This will stop working in the next major version of npm. See `npm help npmrc` for supported config options.
npm warn Unknown project config "virtual-store-dir". This will stop working in the next major version of npm. See `npm help npmrc` for supported config options.
▲ Next.js 16.2.7 (webpack)
- Environments: .env.local, .env

⚠ The "middleware" file convention is deprecated. Please use "proxy" instead. Learn more: https://nextjs.org/docs/messages/middleware-to-proxy
  Creating an optimized production build ...
<w> [webpack.cache.PackFileCacheStrategy] Serializing big strings (225kiB) impacts deserialization performance (consider using Buffer instead and decode when needed)
⚠ Compiled with warnings in 1806ms

./node_modules/@workos-inc/authkit-nextjs/node_modules/@workos-inc/node/lib/factory-B2N5WzoO.mjs
A Node.js API is used (process.release at line: 3192) which is not supported in the Edge Runtime.
Learn more: https://nextjs.org/docs/api-reference/edge-runtime

Import trace for requested module:
./node_modules/@workos-inc/authkit-nextjs/node_modules/@workos-inc/node/lib/factory-B2N5WzoO.mjs
./node_modules/@workos-inc/authkit-nextjs/node_modules/@workos-inc/node/lib/index.worker.mjs
./node_modules/@workos-inc/authkit-nextjs/dist/esm/workos.js
./node_modules/@workos-inc/authkit-nextjs/dist/esm/index.js

./node_modules/@workos-inc/authkit-nextjs/node_modules/@workos-inc/node/lib/webapi-CKFbiPvQ.mjs
A Node.js API is used (CompressionStream at line: 1629) which is not supported in the Edge Runtime.
Learn more: https://nextjs.org/docs/api-reference/edge-runtime

Import trace for requested module:
./node_modules/@workos-inc/authkit-nextjs/node_modules/@workos-inc/node/lib/webapi-CKFbiPvQ.mjs
./node_modules/@workos-inc/authkit-nextjs/node_modules/@workos-inc/node/lib/factory-B2N5WzoO.mjs
./node_modules/@workos-inc/authkit-nextjs/node_modules/@workos-inc/node/lib/index.worker.mjs
./node_modules/@workos-inc/authkit-nextjs/dist/esm/workos.js
./node_modules/@workos-inc/authkit-nextjs/dist/esm/index.js

./node_modules/@workos-inc/authkit-nextjs/node_modules/@workos-inc/node/lib/webapi-CKFbiPvQ.mjs
A Node.js API is used (DecompressionStream at line: 1644) which is not supported in the Edge Runtime.
Learn more: https://nextjs.org/docs/api-reference/edge-runtime

Import trace for requested module:
./node_modules/@workos-inc/authkit-nextjs/node_modules/@workos-inc/node/lib/webapi-CKFbiPvQ.mjs
./node_modules/@workos-inc/authkit-nextjs/node_modules/@workos-inc/node/lib/factory-B2N5WzoO.mjs
./node_modules/@workos-inc/authkit-nextjs/node_modules/@workos-inc/node/lib/index.worker.mjs
./node_modules/@workos-inc/authkit-nextjs/dist/esm/workos.js
./node_modules/@workos-inc/authkit-nextjs/dist/esm/index.js

✓ Compiled successfully in 30.0s
  Running TypeScript ...
  Finished TypeScript in 12.6s ...
  Collecting page data using 15 workers ...
  Generating static pages using 15 workers (0/61) ...
  Generating static pages using 15 workers (15/61) 
⚠ metadataBase property in metadata export is not set for resolving social open graph or twitter images, using "http://localhost:3000". See https://nextjs.org/docs/app/api-reference/functions/generate-metadata#metadatabase
  Generating static pages using 15 workers (30/61) 
⚠ metadataBase property in metadata export is not set for resolving social open graph or twitter images, using "http://localhost:3000". See https://nextjs.org/docs/app/api-reference/functions/generate-metadata#metadatabase
  Generating static pages using 15 workers (45/61) 
✓ Generating static pages using 15 workers (61/61) in 1107ms
  Finalizing page optimization ...
  Collecting build traces ...

Route (app)
┌ ○ /
├ ○ /_not-found
├ ○ /agents
├ ƒ /api/agent-long
├ ƒ /api/agent-long/cancel
├ ƒ /api/agent-long/resume
├ ƒ /api/agents-info
├ ƒ /api/attack
├ ƒ /api/auth/desktop-callback
├ ƒ /api/burp/proxy/[[...path]]
├ ƒ /api/burp/status
├ ƒ /api/burpsuite
├ ƒ /api/c2-control
├ ƒ /api/chat
├ ƒ /api/chat/[id]/stream
├ ƒ /api/chats
├ ƒ /api/chats/[chatId]/messages
├ ƒ /api/clear-auth-cookies
├ ƒ /api/darkweb-proxy
├ ƒ /api/delete-account
├ ƒ /api/delete-sandboxes
├ ƒ /api/entitlements
├ ƒ /api/exploit
├ ƒ /api/extra-usage/confirm
├ ƒ /api/extra-usage/webhook
├ ƒ /api/field-op
├ ƒ /api/fraud/webhook
├ ƒ /api/health
├ ƒ /api/knowledge-graph
├ ƒ /api/local-file/[fileId]
├ ƒ /api/local-file/upload
├ ƒ /api/logout-all
├ ƒ /api/mfa/delete
├ ƒ /api/mfa/enroll
├ ƒ /api/mfa/factors
├ ƒ /api/mfa/verify
├ ƒ /api/migrate-pentestgpt
├ ƒ /api/playwright-proxy
├ ƒ /api/referrals
├ ƒ /api/referrals/attribution
├ ƒ /api/reports-gen
├ ƒ /api/sandbox/presence
├ ƒ /api/status
├ ƒ /api/subscribe
├ ƒ /api/subscription-details
├ ƒ /api/subscription/webhook
├ ƒ /api/team/extra-usage
├ ƒ /api/team/extra-usage/confirm
├ ƒ /api/team/extra-usage/members/[userId]
├ ƒ /api/team/extra-usage/purchase
├ ƒ /api/team/extra-usage/webhook
├ ƒ /api/team/invite
├ ƒ /api/team/members
├ ƒ /api/team/seats
├ ƒ /api/tools/broadcast
├ ƒ /api/tools/stream
├ ƒ /api/workos/webhook
├ ƒ /api/zeroday-search
├ ƒ /auth-error
├ ○ /burpsuite
├ ƒ /c/[id]
├ ○ /c2
├ ƒ /callback
├ ○ /darkweb
├ ○ /dashboard
├ ƒ /desktop-callback
├ ƒ /desktop-login
├ ○ /download
├ ƒ /invite/[code]
├ ○ /knowledge
├ ƒ /login
├ ƒ /logout
├ ○ /playwright
├ ○ /privacy-policy
├ ○ /reports
├ ƒ /share/[shareId]
├ ƒ /signup
├ ƒ /signup/auth
├ ○ /terms-of-service
└ ○ /zeroday


ƒ Proxy (Middleware)

○  (Static)   prerendered as static content
ƒ  (Dynamic)  server-rendered on demand

