[2026-06-26T20:14:46.095563] {"type": "suspicious_process", "keyword": "shell", "detail": "root        8045  0.0  0.2 33932796 89396 ?      Ssl  20:08   0:00 /root/.cache/ms-playwright/chromium_headless_shell-1187/chrome-linux/headless_shell --disable-field-trial-config --disable-background"}
[2026-06-26T20:14:46.095563] {"type": "suspicious_process", "keyword": "shell", "detail": "root        8065  0.0  0.1 33767804 35536 ?      S    20:08   0:00 /opt/playwright-browsers/chromium_headless_shell-1187/chrome-linux/headless_shell --type=zygote --no-zygote-sandbox --no-sandbox --he"}
[2026-06-26T20:14:46.095563] {"type": "suspicious_process", "keyword": "shell", "detail": "root        8066  0.0  0.1 33767804 35624 ?      S    20:08   0:00 /opt/playwright-browsers/chromium_headless_shell-1187/chrome-linux/headless_shell --type=zygote --no-sandbox --headless"}
[2026-06-26T20:14:46.095563] {"type": "suspicious_process", "keyword": "shell", "detail": "root        8081  0.0  0.1 33976920 60576 ?      Sl   20:08   0:00 /opt/playwright-browsers/chromium_headless_shell-1187/chrome-linux/headless_shell --type=gpu-process --no-sandbox --disable-dev-shm-u"}
[2026-06-26T20:14:46.095563] {"type": "suspicious_process", "keyword": "shell", "detail": "root        8152  0.0  0.1 33833932 57848 ?      Sl   20:08   0:00 /opt/playwright-browsers/chromium_headless_shell-1187/chrome-linux/headless_shell --type=utility --utility-sub-type=network.mojom.Net"}
[2026-06-26T20:14:46.095563] {"type": "suspicious_process", "keyword": "shell", "detail": "root        8169  0.0  0.2 33936896 87908 ?      Ssl  20:08   0:00 /root/.cache/ms-playwright/chromium_headless_shell-1187/chrome-linux/headless_shell --disable-field-trial-config --disable-background"}
[2026-06-26T20:14:46.095563] {"type": "suspicious_process", "keyword": "shell", "detail": "root        8181  0.0  0.1 33767804 36288 ?      S    20:08   0:00 /opt/playwright-browsers/chromium_headless_shell-1187/chrome-linux/headless_shell --type=zygote --no-zygote-sandbox --no-sandbox --he"}
[2026-06-26T20:14:46.095563] {"type": "suspicious_process", "keyword": "shell", "detail": "root        8182  0.0  0.1 33767804 35956 ?      S    20:08   0:00 /opt/playwright-browsers/chromium_headless_shell-1187/chrome-linux/headless_shell --type=zygote --no-sandbox --headless"}
[2026-06-26T20:14:46.095563] {"type": "suspicious_process", "keyword": "shell", "detail": "root        8199  0.0  0.1 33971796 60308 ?      Sl   20:08   0:00 /opt/playwright-browsers/chromium_headless_shell-1187/chrome-linux/headless_shell --type=gpu-process --no-sandbox --disable-dev-shm-u"}
[2026-06-26T20:14:46.095563] {"type": "suspicious_process", "keyword": "shell", "detail": "root        8203  0.0  0.1 33833932 58500 ?      Sl   20:08   0:00 /opt/playwright-browsers/chromium_headless_shell-1187/chrome-linux/headless_shell --type=utility --utility-sub-type=network.mojom.Net"}
[2026-06-26T20:14:46.095563] {"type": "suspicious_process", "keyword": "shell", "detail": "root        8267  0.0  0.2 1283368764 94928 ?    Sl   20:08   0:00 /opt/playwright-browsers/chromium_headless_shell-1187/chrome-linux/headless_shell --type=renderer --headless=old --no-sandbox --disab"}
[2026-06-26T20:14:46.095563] {"type": "suspicious_process", "keyword": "shell", "detail": "root        8360  0.0  0.2 1283402208 96324 ?    Sl   20:08   0:00 /opt/playwright-browsers/chromium_headless_shell-1187/chrome-linux/headless_shell --type=renderer --headless=old --no-sandbox --disab"}
[2026-06-26T20:28:12.763720] {"type": "suspicious_process", "keyword": "shell", "detail": "root        8045  0.0  0.2 33932796 89396 ?      Ssl  20:08   0:00 /root/.cache/ms-playwright/chromium_headless_shell-1187/chrome-linux/headless_shell --disable-field-trial-config --disable-background"}
[2026-06-26T20:28:12.763720] {"type": "suspicious_process", "keyword": "shell", "detail": "root        8065  0.0  0.1 33767804 35536 ?      S    20:08   0:00 /opt/playwright-browsers/chromium_headless_shell-1187/chrome-linux/headless_shell --type=zygote --no-zygote-sandbox --no-sandbox --he"}
[2026-06-26T20:28:12.763720] {"type": "suspicious_process", "keyword": "shell", "detail": "root        8066  0.0  0.1 33767804 35624 ?      S    20:08   0:00 /opt/playwright-browsers/chromium_headless_shell-1187/chrome-linux/headless_shell --type=zygote --no-sandbox --headless"}
[2026-06-26T20:28:12.763720] {"type": "suspicious_process", "keyword": "shell", "detail": "root        8081  0.0  0.1 33976920 60640 ?      Sl   20:08   0:00 /opt/playwright-browsers/chromium_headless_shell-1187/chrome-linux/headless_shell --type=gpu-process --no-sandbox --disable-dev-shm-u"}
[2026-06-26T20:28:12.763720] {"type": "suspicious_process", "keyword": "shell", "detail": "root        8152  0.0  0.1 33833932 57836 ?      Sl   20:08   0:00 /opt/playwright-browsers/chromium_headless_shell-1187/chrome-linux/headless_shell --type=utility --utility-sub-type=network.mojom.Net"}
[2026-06-26T20:28:12.763720] {"type": "suspicious_process", "keyword": "shell", "detail": "root        8169  0.0  0.2 33932796 87968 ?      Ssl  20:08   0:00 /root/.cache/ms-playwright/chromium_headless_shell-1187/chrome-linux/headless_shell --disable-field-trial-config --disable-background"}
[2026-06-26T20:28:12.763720] {"type": "suspicious_process", "keyword": "shell", "detail": "root        8181  0.0  0.1 33767804 36288 ?      S    20:08   0:00 /opt/playwright-browsers/chromium_headless_shell-1187/chrome-linux/headless_shell --type=zygote --no-zygote-sandbox --no-sandbox --he"}
[2026-06-26T20:28:12.763720] {"type": "suspicious_process", "keyword": "shell", "detail": "root        8182  0.0  0.1 33767804 35956 ?      S    20:08   0:00 /opt/playwright-browsers/chromium_headless_shell-1187/chrome-linux/headless_shell --type=zygote --no-sandbox --headless"}
[2026-06-26T20:28:12.763720] {"type": "suspicious_process", "keyword": "shell", "detail": "root        8199  0.0  0.1 33971796 60308 ?      Sl   20:08   0:00 /opt/playwright-browsers/chromium_headless_shell-1187/chrome-linux/headless_shell --type=gpu-process --no-sandbox --disable-dev-shm-u"}
[2026-06-26T20:28:12.763720] {"type": "suspicious_process", "keyword": "shell", "detail": "root        8203  0.0  0.1 33833932 58504 ?      Sl   20:08   0:00 /opt/playwright-browsers/chromium_headless_shell-1187/chrome-linux/headless_shell --type=utility --utility-sub-type=network.mojom.Net"}
[2026-06-26T20:28:12.763720] {"type": "suspicious_process", "keyword": "shell", "detail": "root        8267  0.0  0.2 1283364664 94912 ?    Sl   20:08   0:00 /opt/playwright-browsers/chromium_headless_shell-1187/chrome-linux/headless_shell --type=renderer --headless=old --no-sandbox --disab"}
[2026-06-26T20:28:12.763720] {"type": "suspicious_process", "keyword": "shell", "detail": "root        8360  0.0  0.2 1283402208 96324 ?    Sl   20:08   0:00 /opt/playwright-browsers/chromium_headless_shell-1187/chrome-linux/headless_shell --type=renderer --headless=old --no-sandbox --disab"}
[2026-06-27T13:21:32.062894] {"type": "suspicious_process", "keyword": "shell", "detail": "root        7454  0.0  0.2 33932796 88884 ?      Ssl  13:13   0:00 /root/.cache/ms-playwright/chromium_headless_shell-1187/chrome-linux/headless_shell --disable-field-trial-config --disable-background"}
[2026-06-27T13:21:32.062894] {"type": "suspicious_process", "keyword": "shell", "detail": "root        7460  0.0  0.1 33767804 35392 ?      S    13:13   0:00 /opt/playwright-browsers/chromium_headless_shell-1187/chrome-linux/headless_shell --type=zygote --no-zygote-sandbox --no-sandbox --he"}
[2026-06-27T13:21:32.062894] {"type": "suspicious_process", "keyword": "shell", "detail": "root        7461  0.0  0.1 33767804 35660 ?      S    13:13   0:00 /opt/playwright-browsers/chromium_headless_shell-1187/chrome-linux/headless_shell --type=zygote --no-sandbox --headless"}
[2026-06-27T13:21:32.062894] {"type": "suspicious_process", "keyword": "shell", "detail": "root        7476  0.0  0.1 33976920 59956 ?      Sl   13:13   0:00 /opt/playwright-browsers/chromium_headless_shell-1187/chrome-linux/headless_shell --type=gpu-process --no-sandbox --disable-dev-shm-u"}
[2026-06-27T13:21:32.062894] {"type": "suspicious_process", "keyword": "shell", "detail": "root        7503  0.0  0.1 33833932 57968 ?      Sl   13:13   0:00 /opt/playwright-browsers/chromium_headless_shell-1187/chrome-linux/headless_shell --type=utility --utility-sub-type=network.mojom.Net"}
[2026-06-27T13:21:32.062894] {"type": "suspicious_process", "keyword": "shell", "detail": "root        7515  0.0  0.2 33940992 88592 ?      Ssl  13:13   0:00 /root/.cache/ms-playwright/chromium_headless_shell-1187/chrome-linux/headless_shell --disable-field-trial-config --disable-background"}
[2026-06-27T13:21:32.062894] {"type": "suspicious_process", "keyword": "shell", "detail": "root        7517  0.0  0.1 33767808 35848 ?      S    13:13   0:00 /opt/playwright-browsers/chromium_headless_shell-1187/chrome-linux/headless_shell --type=zygote --no-zygote-sandbox --no-sandbox --he"}
[2026-06-27T13:21:32.062894] {"type": "suspicious_process", "keyword": "shell", "detail": "root        7518  0.0  0.1 33767804 35908 ?      S    13:13   0:00 /opt/playwright-browsers/chromium_headless_shell-1187/chrome-linux/headless_shell --type=zygote --no-sandbox --headless"}
[2026-06-27T13:21:32.062894] {"type": "suspicious_process", "keyword": "shell", "detail": "root        7534  0.0  0.1 33971796 60296 ?      Sl   13:13   0:00 /opt/playwright-browsers/chromium_headless_shell-1187/chrome-linux/headless_shell --type=gpu-process --no-sandbox --disable-dev-shm-u"}
[2026-06-27T13:21:32.062894] {"type": "suspicious_process", "keyword": "shell", "detail": "root        7536  0.0  0.1 33833932 58104 ?      Sl   13:13   0:00 /opt/playwright-browsers/chromium_headless_shell-1187/chrome-linux/headless_shell --type=utility --utility-sub-type=network.mojom.Net"}
[2026-06-27T13:21:32.062894] {"type": "suspicious_process", "keyword": "shell", "detail": "root        7573  0.0  0.2 1283364664 94464 ?    Sl   13:13   0:00 /opt/playwright-browsers/chromium_headless_shell-1187/chrome-linux/headless_shell --type=renderer --headless=old --no-sandbox --disab"}
[2026-06-27T13:21:32.062894] {"type": "suspicious_process", "keyword": "shell", "detail": "root        7596  0.0  0.3 1283402208 98408 ?    Sl   13:13   0:00 /opt/playwright-browsers/chromium_headless_shell-1187/chrome-linux/headless_shell --type=renderer --headless=old --no-sandbox --disab"}
[2026-06-27T13:21:32.062894] {"type": "suspicious_process", "keyword": "bind", "detail": "kali       22171  0.0  0.0   3580  2072 ?        S    13:21   0:00 bwrap --unshare-all --die-with-parent --chdir / --ro-bind /usr /usr --dev /dev --ro-bind-try /etc/ld.so.cache /etc/ld.so.cache --ro-b"}
[2026-06-27T13:21:32.062894] {"type": "suspicious_process", "keyword": "bind", "detail": "kali       22172  0.0  0.0   3580  2204 ?        S    13:21   0:00 bwrap --unshare-all --die-with-parent --chdir / --ro-bind /usr /usr --dev /dev --ro-bind-try /etc/ld.so.cache /etc/ld.so.cache --ro-b"}
[2026-06-27T13:21:32.062894] {"type": "suspicious_process", "keyword": "bind", "detail": "kali       22173  0.0  0.0   3580  2192 ?        S    13:21   0:00 bwrap --unshare-all --die-with-parent --chdir / --ro-bind /usr /usr --dev /dev --ro-bind-try /etc/ld.so.cache /etc/ld.so.cache --ro-b"}
[2026-06-27T13:21:32.062894] {"type": "suspicious_process", "keyword": "bind", "detail": "kali       22174  0.0  0.0   3580  2132 ?        S    13:21   0:00 bwrap --unshare-all --die-with-parent --chdir / --ro-bind /usr /usr --dev /dev --ro-bind-try /etc/ld.so.cache /etc/ld.so.cache --ro-b"}
[2026-06-27T13:21:32.062894] {"type": "suspicious_process", "keyword": "bind", "detail": "kali       22179  0.0  0.0   3580  1268 ?        S    13:21   0:00 bwrap --unshare-all --die-with-parent --chdir / --ro-bind /usr /usr --dev /dev --ro-bind-try /etc/ld.so.cache /etc/ld.so.cache --ro-b"}
[2026-06-27T13:21:32.062894] {"type": "suspicious_process", "keyword": "bind", "detail": "kali       22180  0.0  0.0   3580  1388 ?        S    13:21   0:00 bwrap --unshare-all --die-with-parent --chdir / --ro-bind /usr /usr --dev /dev --ro-bind-try /etc/ld.so.cache /etc/ld.so.cache --ro-b"}
[2026-06-27T13:21:32.062894] {"type": "suspicious_process", "keyword": "bind", "detail": "kali       22181  0.0  0.0   3580  1356 ?        S    13:21   0:00 bwrap --unshare-all --die-with-parent --chdir / --ro-bind /usr /usr --dev /dev --ro-bind-try /etc/ld.so.cache /etc/ld.so.cache --ro-b"}
[2026-06-27T13:21:32.062894] {"type": "suspicious_process", "keyword": "bind", "detail": "kali       22182  0.0  0.0   3580  1360 ?        S    13:21   0:00 bwrap --unshare-all --die-with-parent --chdir / --ro-bind /usr /usr --dev /dev --ro-bind-try /etc/ld.so.cache /etc/ld.so.cache --ro-b"}
[2026-06-27T13:23:39.702580] {"type": "suspicious_process", "keyword": "shell", "detail": "root        7454  0.0  0.2 33932796 88884 ?      Ssl  13:13   0:00 /root/.cache/ms-playwright/chromium_headless_shell-1187/chrome-linux/headless_shell --disable-field-trial-config --disable-background"}
[2026-06-27T13:23:39.702580] {"type": "suspicious_process", "keyword": "shell", "detail": "root        7460  0.0  0.1 33767804 35392 ?      S    13:13   0:00 /opt/playwright-browsers/chromium_headless_shell-1187/chrome-linux/headless_shell --type=zygote --no-zygote-sandbox --no-sandbox --he"}
[2026-06-27T13:23:39.702580] {"type": "suspicious_process", "keyword": "shell", "detail": "root        7461  0.0  0.1 33767804 35660 ?      S    13:13   0:00 /opt/playwright-browsers/chromium_headless_shell-1187/chrome-linux/headless_shell --type=zygote --no-sandbox --headless"}
[2026-06-27T13:23:39.702580] {"type": "suspicious_process", "keyword": "shell", "detail": "root        7476  0.0  0.1 33976920 59956 ?      Sl   13:13   0:00 /opt/playwright-browsers/chromium_headless_shell-1187/chrome-linux/headless_shell --type=gpu-process --no-sandbox --disable-dev-shm-u"}
[2026-06-27T13:23:39.702580] {"type": "suspicious_process", "keyword": "shell", "detail": "root        7503  0.0  0.1 33833932 57968 ?      Sl   13:13   0:00 /opt/playwright-browsers/chromium_headless_shell-1187/chrome-linux/headless_shell --type=utility --utility-sub-type=network.mojom.Net"}
[2026-06-27T13:23:39.702580] {"type": "suspicious_process", "keyword": "shell", "detail": "root        7515  0.0  0.2 33940992 88656 ?      Ssl  13:13   0:00 /root/.cache/ms-playwright/chromium_headless_shell-1187/chrome-linux/headless_shell --disable-field-trial-config --disable-background"}
[2026-06-27T13:23:39.702580] {"type": "suspicious_process", "keyword": "shell", "detail": "root        7517  0.0  0.1 33767808 35848 ?      S    13:13   0:00 /opt/playwright-browsers/chromium_headless_shell-1187/chrome-linux/headless_shell --type=zygote --no-zygote-sandbox --no-sandbox --he"}
[2026-06-27T13:23:39.702580] {"type": "suspicious_process", "keyword": "shell", "detail": "root        7518  0.0  0.1 33767804 35908 ?      S    13:13   0:00 /opt/playwright-browsers/chromium_headless_shell-1187/chrome-linux/headless_shell --type=zygote --no-sandbox --headless"}
[2026-06-27T13:23:39.702580] {"type": "suspicious_process", "keyword": "shell", "detail": "root        7534  0.0  0.1 33971796 60296 ?      Sl   13:13   0:00 /opt/playwright-browsers/chromium_headless_shell-1187/chrome-linux/headless_shell --type=gpu-process --no-sandbox --disable-dev-shm-u"}
[2026-06-27T13:23:39.702580] {"type": "suspicious_process", "keyword": "shell", "detail": "root        7536  0.0  0.1 33833932 58104 ?      Sl   13:13   0:00 /opt/playwright-browsers/chromium_headless_shell-1187/chrome-linux/headless_shell --type=utility --utility-sub-type=network.mojom.Net"}
[2026-06-27T13:23:39.702580] {"type": "suspicious_process", "keyword": "shell", "detail": "root        7573  0.0  0.2 1283364664 94468 ?    Sl   13:13   0:00 /opt/playwright-browsers/chromium_headless_shell-1187/chrome-linux/headless_shell --type=renderer --headless=old --no-sandbox --disab"}
[2026-06-27T13:23:39.702580] {"type": "suspicious_process", "keyword": "shell", "detail": "root        7596  0.0  0.3 1283402208 98408 ?    Sl   13:13   0:00 /opt/playwright-browsers/chromium_headless_shell-1187/chrome-linux/headless_shell --type=renderer --headless=old --no-sandbox --disab"}
